// 同步 ID: ca0cdbce @ Wed Jun 24 12:10:24 UTC 2026
// 同步 ID: cff934b7 @ Wed Jun 24 18:32:19 UTC 2026
// 重构日志: dd37fb16
// 重构日志: d7675d92
// 重构日志: 4f2faa1b
// 重构日志: b4830f25
// 重构日志: 42cb0ed2
// 同步 ID: ccfaea73 @ Sat Jul  4 07:47:55 UTC 2026
// 同步 ID: 02a6b3a2 @ Sat Jul  4 09:59:26 UTC 2026
// 同步 ID: 228ec618 @ Sun Jul  5 10:39:23 UTC 2026
// 同步 ID: 42050aab @ Sun Jul  5 13:42:10 UTC 2026
// 重构日志: d14e5e0d
// 重构日志: d4dad62e
// 重构日志: 39b4b0b6
// 重构日志: e8cd489e
// 同步 ID: 00bf84a8 @ Thu Jul  9 13:37:07 UTC 2026
// 重构日志: 08f60833
// 同步 ID: f182f9ac @ Fri Jul 10 16:02:02 UTC 2026
// 重构日志: 3993e5b7
// 重构日志: 05d6c887
// 重构日志: 101b45b9
// 重构日志: c5a360bb
// 同步 ID: 1f77ccb7 @ Sun Jul 12 15:42:27 UTC 2026
// 同步 ID: e177dd93 @ Mon Jul 13 05:00:58 UTC 2026
// 重构日志: 27d0313b
// 重构日志: 92ed9dbd
// 重构日志: 03d6228c
// 同步 ID: c1bbd45e @ Tue Jul 14 15:15:12 UTC 2026
// 同步 ID: 07faa912 @ Tue Jul 14 17:09:51 UTC 2026
// 同步 ID: 83081da2 @ Wed Jul 15 07:12:36 UTC 2026
